time="2026-02-22T13:19:38+07:00" level=warning msg="D:\\nawala V1\\docker-compose.yml: the attribute `version` is obsolete, it will be ignored, please remove it to avoid potential confusion"
 Image nawalav1-web Building 
 Image nawalav1-worker Building 
#1 [internal] load local bake definitions
#1 reading from stdin 863B done
#1 DONE 0.0s

#2 [web internal] load build definition from Dockerfile
#2 transferring dockerfile: 1.36kB done
#2 DONE 0.0s

#3 [auth] library/node:pull token for registry-1.docker.io
#3 DONE 0.0s

#4 [web internal] load metadata for docker.io/library/node:20-alpine
#4 DONE 1.7s

#5 [worker internal] load .dockerignore
#5 transferring context: 2B done
#5 DONE 0.0s

#6 [web base 1/1] FROM docker.io/library/node:20-alpine@sha256:09e2b3d9726018aecf269bd35325f46bf75046a643a66d28360ec71132750ec8
#6 resolve docker.io/library/node:20-alpine@sha256:09e2b3d9726018aecf269bd35325f46bf75046a643a66d28360ec71132750ec8 0.0s done
#6 DONE 0.0s

#7 [worker internal] load build context
#7 transferring context: 3.59MB 0.9s done
#7 DONE 0.9s

#8 [web deps 1/4] RUN apk add --no-cache libc6-compat openssl
#8 CACHED

#9 [web deps 2/4] WORKDIR /app
#9 CACHED

#10 [web deps 4/4] RUN rm -f package-lock.json && npm install
#10 CACHED

#11 [web builder 1/5] WORKDIR /app
#11 CACHED

#12 [web deps 3/4] COPY package.json package-lock.json* ./
#12 CACHED

#13 [worker builder 2/5] COPY --from=deps /app/node_modules ./node_modules
#13 CACHED

#14 [worker builder 3/5] COPY . .
#14 DONE 3.2s

#15 [worker builder 4/5] RUN npx prisma generate
#15 1.267 Loaded Prisma config from prisma.config.ts.
#15 1.267 
#15 1.306 Prisma schema loaded from prisma/schema.prisma.
#15 1.477 
#15 1.477 Γ£ö Generated Prisma Client (v7.4.1) to ./node_modules/@prisma/client in 107ms
#15 1.477 
#15 1.477 Start by importing your Prisma Client (See: https://pris.ly/d/importing-client)
#15 1.477 
#15 1.477 
#15 1.492 npm notice
#15 1.492 npm notice New major version of npm available! 10.8.2 -> 11.10.1
#15 1.492 npm notice Changelog: https://github.com/npm/cli/releases/tag/v11.10.1
#15 1.492 npm notice To update run: npm install -g npm@11.10.1
#15 1.492 npm notice
#15 DONE 1.5s

#16 [web builder 5/5] RUN npm run build
#16 0.574 
#16 0.574 > temp-app@0.1.0 build
#16 0.574 > next build
#16 0.574 
#16 1.144 Attention: Next.js now collects completely anonymous telemetry regarding usage.
#16 1.144 This information is used to shape Next.js' roadmap and prioritize features.
#16 1.144 You can learn more, including how to opt-out if you'd not like to participate in this anonymous program, by visiting the following URL:
#16 1.144 https://nextjs.org/telemetry
#16 1.144 
#16 1.153 Γû▓ Next.js 16.1.6 (Turbopack)
#16 1.153 - Environments: .env
#16 1.153 
#16 1.191 ΓÜá The "middleware" file convention is deprecated. Please use "proxy" instead. Learn more: https://nextjs.org/docs/messages/middleware-to-proxy
#16 1.209   Creating an optimized production build ...
#16 4.646 Γ£ô Compiled successfully in 3.1s
#16 4.658   Running TypeScript ...
#16 6.740   Collecting page data using 27 workers ...
#16 7.274 Error [PrismaClientConstructorValidationError]: Using engine type "client" requires either "adapter" or "accelerateUrl" to be provided to PrismaClient constructor.
#16 7.274 Read more at https://pris.ly/d/client-constructor
#16 7.274     at module evaluation (.next/server/chunks/[root-of-the-server]__d3b5b258._.js:1:1167)
#16 7.274     at instantiateModule (.next/server/chunks/[turbopack]_runtime.js:740:9)
#16 7.274     at getOrInstantiateModuleFromParent (.next/server/chunks/[turbopack]_runtime.js:763:12)
#16 7.274     at Context.esmImport [as i] (.next/server/chunks/[turbopack]_runtime.js:228:20)
#16 7.274     at module evaluation (.next/server/chunks/[root-of-the-server]__d3b5b258._.js:1:1501)
#16 7.274     at instantiateModule (.next/server/chunks/[turbopack]_runtime.js:740:9)
#16 7.274     at instantiateRuntimeModule (.next/server/chunks/[turbopack]_runtime.js:768:12)
#16 7.558 
#16 7.558 > Build error occurred
#16 7.561 Error: Failed to collect page data for /api/admin/domains
#16 7.561     at ignore-listed frames {
#16 7.561   type: 'Error'
#16 7.561 }
#16 ERROR: process "/bin/sh -c npm run build" did not complete successfully: exit code: 1
------
 > [web builder 5/5] RUN npm run build:
7.274     at Context.esmImport [as i] (.next/server/chunks/[turbopack]_runtime.js:228:20)
7.274     at module evaluation (.next/server/chunks/[root-of-the-server]__d3b5b258._.js:1:1501)
7.274     at instantiateModule (.next/server/chunks/[turbopack]_runtime.js:740:9)
7.274     at instantiateRuntimeModule (.next/server/chunks/[turbopack]_runtime.js:768:12)
7.558 
7.558 > Build error occurred
7.561 Error: Failed to collect page data for /api/admin/domains
7.561     at ignore-listed frames {
7.561   type: 'Error'
7.561 }
------
Dockerfile:22

--------------------

  20 |     

  21 |     # Next.js build

  22 | >>> RUN npm run build

  23 |     

  24 |     # Production image, copy all the files and run next

--------------------

target web: failed to solve: process "/bin/sh -c npm run build" did not complete successfully: exit code: 1



View build details: docker-desktop://dashboard/build/default/default/hrb49wegrxnby91yaz969ef4u

