time="2026-02-22T13:31:44+07:00" level=warning msg="D:\\nawala V1\\docker-compose.yml: the attribute `version` is obsolete, it will be ignored, please remove it to avoid potential confusion"
/app/node_modules/@prisma/client/src/runtime/getPrismaClient.ts:260
        throw new PrismaClientInitializationError(
              ^


PrismaClientInitializationError: `PrismaClient` needs to be constructed with a non-empty, valid `PrismaClientOptions`:

```
new PrismaClient({
  ...
})
```

or

```
constructor() {
  super({ ... });
}
```
          
    at new t (/app/node_modules/@prisma/client/src/runtime/getPrismaClient.ts:260:15)
    at argon2 (/app/prisma/seed.ts:4:16)
    at Object.<anonymous> (/app/prisma/seed.ts:68:6)
    at Module._compile (node:internal/modules/cjs/loader:1521:14)
    at Object.transformer (/home/nextjs/.npm/_npx/fd45a72a545557e9/node_modules/tsx/dist/register-D46fvsV_.cjs:3:1104)
    at Module.load (node:internal/modules/cjs/loader:1266:32)
    at Module._load (node:internal/modules/cjs/loader:1091:12)
    at cjsLoader (node:internal/modules/esm/translators:298:15)
    at ModuleWrap.<anonymous> (node:internal/modules/esm/translators:240:7)
    at ModuleJob.run (node:internal/modules/esm/module_job:325:25) {
  clientVersion: '7.4.1',
  errorCode: undefined,
  retryable: undefined
}

Node.js v20.20.0
